<?xml version="1.0" encoding="UTF-8"?>
<testsuite xmlns:xsi="http://www.w3.org/2001/XMLSchema-instance" xsi:noNamespaceSchemaLocation="https://maven.apache.org/surefire/maven-surefire-plugin/xsd/surefire-test-report-3.0.xsd" version="3.0" name="io.polyapi.client.SpecsParserTest" time="0.343" tests="1" errors="0" skipped="0" failures="0">
  <properties>
    <property name="java.specification.version" value="17"/>
    <property name="sun.jnu.encoding" value="UTF-8"/>
    <property name="java.class.path" value="/home/wladimiiir/Projects/poly/packages/java-client/generator/target/test-classes:/home/wladimiiir/Projects/poly/packages/java-client/generator/target/classes:/home/wladimiiir/.m2/repository/com/github/java-json-tools/json-schema-core/1.2.14/json-schema-core-1.2.14.jar:/home/wladimiiir/.m2/repository/com/fasterxml/jackson/core/jackson-databind/2.11.0/jackson-databind-2.11.0.jar:/home/wladimiiir/.m2/repository/com/fasterxml/jackson/core/jackson-annotations/2.11.0/jackson-annotations-2.11.0.jar:/home/wladimiiir/.m2/repository/com/fasterxml/jackson/core/jackson-core/2.11.0/jackson-core-2.11.0.jar:/home/wladimiiir/.m2/repository/com/google/guava/guava/28.2-android/guava-28.2-android.jar:/home/wladimiiir/.m2/repository/com/google/guava/failureaccess/1.0.1/failureaccess-1.0.1.jar:/home/wladimiiir/.m2/repository/com/google/guava/listenablefuture/9999.0-empty-to-avoid-conflict-with-guava/listenablefuture-9999.0-empty-to-avoid-conflict-with-guava.jar:/home/wladimiiir/.m2/repository/org/checkerframework/checker-compat-qual/2.5.5/checker-compat-qual-2.5.5.jar:/home/wladimiiir/.m2/repository/com/google/errorprone/error_prone_annotations/2.3.4/error_prone_annotations-2.3.4.jar:/home/wladimiiir/.m2/repository/com/google/j2objc/j2objc-annotations/1.3/j2objc-annotations-1.3.jar:/home/wladimiiir/.m2/repository/com/github/java-json-tools/jackson-coreutils/2.0/jackson-coreutils-2.0.jar:/home/wladimiiir/.m2/repository/com/github/java-json-tools/msg-simple/1.2/msg-simple-1.2.jar:/home/wladimiiir/.m2/repository/com/github/java-json-tools/btf/1.3/btf-1.3.jar:/home/wladimiiir/.m2/repository/com/github/java-json-tools/jackson-coreutils-equivalence/1.0/jackson-coreutils-equivalence-1.0.jar:/home/wladimiiir/.m2/repository/com/github/java-json-tools/uri-template/0.10/uri-template-0.10.jar:/home/wladimiiir/.m2/repository/org/mozilla/rhino/1.7.7.2/rhino-1.7.7.2.jar:/home/wladimiiir/.m2/repository/com/google/code/findbugs/jsr305/3.0.2/jsr305-3.0.2.jar:/home/wladimiiir/.m2/repository/com/squareup/okhttp3/okhttp/4.10.0/okhttp-4.10.0.jar:/home/wladimiiir/.m2/repository/com/squareup/okio/okio-jvm/3.0.0/okio-jvm-3.0.0.jar:/home/wladimiiir/.m2/repository/org/jetbrains/kotlin/kotlin-stdlib-jdk8/1.5.31/kotlin-stdlib-jdk8-1.5.31.jar:/home/wladimiiir/.m2/repository/org/jetbrains/kotlin/kotlin-stdlib-jdk7/1.5.31/kotlin-stdlib-jdk7-1.5.31.jar:/home/wladimiiir/.m2/repository/org/jetbrains/kotlin/kotlin-stdlib-common/1.5.31/kotlin-stdlib-common-1.5.31.jar:/home/wladimiiir/.m2/repository/org/jetbrains/kotlin/kotlin-stdlib/1.6.20/kotlin-stdlib-1.6.20.jar:/home/wladimiiir/.m2/repository/org/jetbrains/annotations/13.0/annotations-13.0.jar:/home/wladimiiir/.m2/repository/org/jsonschema2pojo/jsonschema2pojo-core/1.2.1/jsonschema2pojo-core-1.2.1.jar:/home/wladimiiir/.m2/repository/javax/json/bind/javax.json.bind-api/1.0/javax.json.bind-api-1.0.jar:/home/wladimiiir/.m2/repository/jakarta/json/bind/jakarta.json.bind-api/2.0.0/jakarta.json.bind-api-2.0.0.jar:/home/wladimiiir/.m2/repository/com/fasterxml/jackson/dataformat/jackson-dataformat-yaml/2.14.2/jackson-dataformat-yaml-2.14.2.jar:/home/wladimiiir/.m2/repository/org/yaml/snakeyaml/1.33/snakeyaml-1.33.jar:/home/wladimiiir/.m2/repository/com/google/code/javaparser/javaparser/1.0.11/javaparser-1.0.11.jar:/home/wladimiiir/.m2/repository/com/sun/codemodel/codemodel/2.6/codemodel-2.6.jar:/home/wladimiiir/.m2/repository/com/google/code/gson/gson/2.10.1/gson-2.10.1.jar:/home/wladimiiir/.m2/repository/commons-lang/commons-lang/2.6/commons-lang-2.6.jar:/home/wladimiiir/.m2/repository/commons-io/commons-io/2.11.0/commons-io-2.11.0.jar:/home/wladimiiir/.m2/repository/javax/validation/validation-api/2.0.1.Final/validation-api-2.0.1.Final.jar:/home/wladimiiir/.m2/repository/jakarta/validation/jakarta.validation-api/3.0.2/jakarta.validation-api-3.0.2.jar:/home/wladimiiir/.m2/repository/joda-time/joda-time/2.12.2/joda-time-2.12.2.jar:/home/wladimiiir/.m2/repository/org/apache/commons/commons-lang3/3.12.0/commons-lang3-3.12.0.jar:/home/wladimiiir/.m2/repository/com/google/code/findbugs/annotations/1.3.9/annotations-1.3.9.jar:/home/wladimiiir/.m2/repository/com/github/jknack/handlebars-proto/4.3.1/handlebars-proto-4.3.1.jar:/home/wladimiiir/.m2/repository/org/apache/commons/commons-text/1.10.0/commons-text-1.10.0.jar:/home/wladimiiir/.m2/repository/org/projectlombok/lombok/1.18.30/lombok-1.18.30.jar:/home/wladimiiir/.m2/repository/junit/junit/4.13.2/junit-4.13.2.jar:/home/wladimiiir/.m2/repository/org/hamcrest/hamcrest-core/1.3/hamcrest-core-1.3.jar:/home/wladimiiir/.m2/repository/org/junit/jupiter/junit-jupiter-engine/5.10.0/junit-jupiter-engine-5.10.0.jar:/home/wladimiiir/.m2/repository/org/junit/platform/junit-platform-engine/1.10.0/junit-platform-engine-1.10.0.jar:/home/wladimiiir/.m2/repository/org/apiguardian/apiguardian-api/1.1.2/apiguardian-api-1.1.2.jar:/home/wladimiiir/.m2/repository/org/junit/jupiter/junit-jupiter-api/5.10.0/junit-jupiter-api-5.10.0.jar:/home/wladimiiir/.m2/repository/org/opentest4j/opentest4j/1.3.0/opentest4j-1.3.0.jar:/home/wladimiiir/.m2/repository/org/junit/platform/junit-platform-commons/1.10.0/junit-platform-commons-1.10.0.jar:"/>
    <property name="java.vm.vendor" value="Oracle Corporation"/>
    <property name="sun.arch.data.model" value="64"/>
    <property name="java.vendor.url" value="https://java.oracle.com/"/>
    <property name="user.timezone" value="Europe/Bratislava"/>
    <property name="os.name" value="Linux"/>
    <property name="java.vm.specification.version" value="17"/>
    <property name="sun.java.launcher" value="SUN_STANDARD"/>
    <property name="user.country" value="US"/>
    <property name="sun.boot.library.path" value="/home/wladimiiir/.jdks/openjdk-17/lib"/>
    <property name="sun.java.command" value="/home/wladimiiir/Projects/poly/packages/java-client/generator/target/surefire/surefirebooter-20231026150043591_3.jar /home/wladimiiir/Projects/poly/packages/java-client/generator/target/surefire 2023-10-26T15-00-43_486-jvmRun1 surefire-20231026150043591_1tmp surefire_0-20231026150043591_2tmp"/>
    <property name="jdk.debug" value="release"/>
    <property name="surefire.test.class.path" value="/home/wladimiiir/Projects/poly/packages/java-client/generator/target/test-classes:/home/wladimiiir/Projects/poly/packages/java-client/generator/target/classes:/home/wladimiiir/.m2/repository/com/github/java-json-tools/json-schema-core/1.2.14/json-schema-core-1.2.14.jar:/home/wladimiiir/.m2/repository/com/fasterxml/jackson/core/jackson-databind/2.11.0/jackson-databind-2.11.0.jar:/home/wladimiiir/.m2/repository/com/fasterxml/jackson/core/jackson-annotations/2.11.0/jackson-annotations-2.11.0.jar:/home/wladimiiir/.m2/repository/com/fasterxml/jackson/core/jackson-core/2.11.0/jackson-core-2.11.0.jar:/home/wladimiiir/.m2/repository/com/google/guava/guava/28.2-android/guava-28.2-android.jar:/home/wladimiiir/.m2/repository/com/google/guava/failureaccess/1.0.1/failureaccess-1.0.1.jar:/home/wladimiiir/.m2/repository/com/google/guava/listenablefuture/9999.0-empty-to-avoid-conflict-with-guava/listenablefuture-9999.0-empty-to-avoid-conflict-with-guava.jar:/home/wladimiiir/.m2/repository/org/checkerframework/checker-compat-qual/2.5.5/checker-compat-qual-2.5.5.jar:/home/wladimiiir/.m2/repository/com/google/errorprone/error_prone_annotations/2.3.4/error_prone_annotations-2.3.4.jar:/home/wladimiiir/.m2/repository/com/google/j2objc/j2objc-annotations/1.3/j2objc-annotations-1.3.jar:/home/wladimiiir/.m2/repository/com/github/java-json-tools/jackson-coreutils/2.0/jackson-coreutils-2.0.jar:/home/wladimiiir/.m2/repository/com/github/java-json-tools/msg-simple/1.2/msg-simple-1.2.jar:/home/wladimiiir/.m2/repository/com/github/java-json-tools/btf/1.3/btf-1.3.jar:/home/wladimiiir/.m2/repository/com/github/java-json-tools/jackson-coreutils-equivalence/1.0/jackson-coreutils-equivalence-1.0.jar:/home/wladimiiir/.m2/repository/com/github/java-json-tools/uri-template/0.10/uri-template-0.10.jar:/home/wladimiiir/.m2/repository/org/mozilla/rhino/1.7.7.2/rhino-1.7.7.2.jar:/home/wladimiiir/.m2/repository/com/google/code/findbugs/jsr305/3.0.2/jsr305-3.0.2.jar:/home/wladimiiir/.m2/repository/com/squareup/okhttp3/okhttp/4.10.0/okhttp-4.10.0.jar:/home/wladimiiir/.m2/repository/com/squareup/okio/okio-jvm/3.0.0/okio-jvm-3.0.0.jar:/home/wladimiiir/.m2/repository/org/jetbrains/kotlin/kotlin-stdlib-jdk8/1.5.31/kotlin-stdlib-jdk8-1.5.31.jar:/home/wladimiiir/.m2/repository/org/jetbrains/kotlin/kotlin-stdlib-jdk7/1.5.31/kotlin-stdlib-jdk7-1.5.31.jar:/home/wladimiiir/.m2/repository/org/jetbrains/kotlin/kotlin-stdlib-common/1.5.31/kotlin-stdlib-common-1.5.31.jar:/home/wladimiiir/.m2/repository/org/jetbrains/kotlin/kotlin-stdlib/1.6.20/kotlin-stdlib-1.6.20.jar:/home/wladimiiir/.m2/repository/org/jetbrains/annotations/13.0/annotations-13.0.jar:/home/wladimiiir/.m2/repository/org/jsonschema2pojo/jsonschema2pojo-core/1.2.1/jsonschema2pojo-core-1.2.1.jar:/home/wladimiiir/.m2/repository/javax/json/bind/javax.json.bind-api/1.0/javax.json.bind-api-1.0.jar:/home/wladimiiir/.m2/repository/jakarta/json/bind/jakarta.json.bind-api/2.0.0/jakarta.json.bind-api-2.0.0.jar:/home/wladimiiir/.m2/repository/com/fasterxml/jackson/dataformat/jackson-dataformat-yaml/2.14.2/jackson-dataformat-yaml-2.14.2.jar:/home/wladimiiir/.m2/repository/org/yaml/snakeyaml/1.33/snakeyaml-1.33.jar:/home/wladimiiir/.m2/repository/com/google/code/javaparser/javaparser/1.0.11/javaparser-1.0.11.jar:/home/wladimiiir/.m2/repository/com/sun/codemodel/codemodel/2.6/codemodel-2.6.jar:/home/wladimiiir/.m2/repository/com/google/code/gson/gson/2.10.1/gson-2.10.1.jar:/home/wladimiiir/.m2/repository/commons-lang/commons-lang/2.6/commons-lang-2.6.jar:/home/wladimiiir/.m2/repository/commons-io/commons-io/2.11.0/commons-io-2.11.0.jar:/home/wladimiiir/.m2/repository/javax/validation/validation-api/2.0.1.Final/validation-api-2.0.1.Final.jar:/home/wladimiiir/.m2/repository/jakarta/validation/jakarta.validation-api/3.0.2/jakarta.validation-api-3.0.2.jar:/home/wladimiiir/.m2/repository/joda-time/joda-time/2.12.2/joda-time-2.12.2.jar:/home/wladimiiir/.m2/repository/org/apache/commons/commons-lang3/3.12.0/commons-lang3-3.12.0.jar:/home/wladimiiir/.m2/repository/com/google/code/findbugs/annotations/1.3.9/annotations-1.3.9.jar:/home/wladimiiir/.m2/repository/com/github/jknack/handlebars-proto/4.3.1/handlebars-proto-4.3.1.jar:/home/wladimiiir/.m2/repository/org/apache/commons/commons-text/1.10.0/commons-text-1.10.0.jar:/home/wladimiiir/.m2/repository/org/projectlombok/lombok/1.18.30/lombok-1.18.30.jar:/home/wladimiiir/.m2/repository/junit/junit/4.13.2/junit-4.13.2.jar:/home/wladimiiir/.m2/repository/org/hamcrest/hamcrest-core/1.3/hamcrest-core-1.3.jar:/home/wladimiiir/.m2/repository/org/junit/jupiter/junit-jupiter-engine/5.10.0/junit-jupiter-engine-5.10.0.jar:/home/wladimiiir/.m2/repository/org/junit/platform/junit-platform-engine/1.10.0/junit-platform-engine-1.10.0.jar:/home/wladimiiir/.m2/repository/org/apiguardian/apiguardian-api/1.1.2/apiguardian-api-1.1.2.jar:/home/wladimiiir/.m2/repository/org/junit/jupiter/junit-jupiter-api/5.10.0/junit-jupiter-api-5.10.0.jar:/home/wladimiiir/.m2/repository/org/opentest4j/opentest4j/1.3.0/opentest4j-1.3.0.jar:/home/wladimiiir/.m2/repository/org/junit/platform/junit-platform-commons/1.10.0/junit-platform-commons-1.10.0.jar:"/>
    <property name="sun.cpu.endian" value="little"/>
    <property name="user.home" value="/home/wladimiiir"/>
    <property name="user.language" value="en"/>
    <property name="java.specification.vendor" value="Oracle Corporation"/>
    <property name="java.version.date" value="2021-09-14"/>
    <property name="java.home" value="/home/wladimiiir/.jdks/openjdk-17"/>
    <property name="file.separator" value="/"/>
    <property name="basedir" value="/home/wladimiiir/Projects/poly/packages/java-client/generator"/>
    <property name="java.vm.compressedOopsMode" value="Zero based"/>
    <property name="line.separator" value="&#10;"/>
    <property name="java.vm.specification.vendor" value="Oracle Corporation"/>
    <property name="java.specification.name" value="Java Platform API Specification"/>
    <property name="surefire.real.class.path" value="/home/wladimiiir/Projects/poly/packages/java-client/generator/target/surefire/surefirebooter-20231026150043591_3.jar"/>
    <property name="sun.management.compiler" value="HotSpot 64-Bit Tiered Compilers"/>
    <property name="java.runtime.version" value="17+35-2724"/>
    <property name="user.name" value="wladimiiir"/>
    <property name="path.separator" value=":"/>
    <property name="os.version" value="6.5.6-1-default"/>
    <property name="java.runtime.name" value="OpenJDK Runtime Environment"/>
    <property name="file.encoding" value="UTF-8"/>
    <property name="java.vm.name" value="OpenJDK 64-Bit Server VM"/>
    <property name="localRepository" value="/home/wladimiiir/.m2/repository"/>
    <property name="java.vendor.url.bug" value="https://bugreport.java.com/bugreport/"/>
    <property name="java.io.tmpdir" value="/tmp"/>
    <property name="idea.version" value="2023.2.4"/>
    <property name="java.version" value="17"/>
    <property name="user.dir" value="/home/wladimiiir/Projects/poly/packages/java-client/generator"/>
    <property name="os.arch" value="amd64"/>
    <property name="java.vm.specification.name" value="Java Virtual Machine Specification"/>
    <property name="native.encoding" value="UTF-8"/>
    <property name="java.library.path" value="/usr/java/packages/lib:/usr/lib64:/lib64:/lib:/usr/lib"/>
    <property name="java.vm.info" value="mixed mode, sharing"/>
    <property name="java.vendor" value="Oracle Corporation"/>
    <property name="java.vm.version" value="17+35-2724"/>
    <property name="sun.io.unicode.encoding" value="UnicodeLittle"/>
    <property name="java.class.version" value="61.0"/>
  </properties>
  <testcase name="testParseSpecs" classname="io.polyapi.client.SpecsParserTest" time="0.319"/>
</testsuite>